<?xml version="1.0" encoding="UTF-8"?>
<testng-results ignored="0" total="13" passed="13" failed="0" skipped="0">
  <reporter-output>
  </reporter-output>
  <suite started-at="2021-10-12T13:08:21 IST" name="Surefire suite" finished-at="2021-10-12T13:10:53 IST" duration-ms="152264">
    <groups>
      <group name="cucumber">
        <method signature="AbstractTestNGCucumberTests.runScenario(io.cucumber.testng.PickleWrapper,io.cucumber.testng.FeatureWrapper)[pri:0, instance:MyRunner.TestRunner@4562e04d]" name="runScenario" class="io.cucumber.testng.AbstractTestNGCucumberTests"/>
      </group> <!-- cucumber -->
    </groups>
    <test started-at="2021-10-12T13:08:21 IST" name="Surefire test" finished-at="2021-10-12T13:10:53 IST" duration-ms="152264">
      <class name="MyRunner.TestRunner">
        <test-method is-config="true" signature="setUpClass()[pri:0, instance:MyRunner.TestRunner@4562e04d]" started-at="2021-10-12T13:08:21 IST" name="setUpClass" finished-at="2021-10-12T13:08:22 IST" duration-ms="429" status="PASS">
          <reporter-output>
          </reporter-output>
        </test-method> <!-- setUpClass -->
        <test-method signature="runScenario(io.cucumber.testng.PickleWrapper,io.cucumber.testng.FeatureWrapper)[pri:0, instance:MyRunner.TestRunner@4562e04d]" started-at="2021-10-12T13:08:22 IST" name="runScenario" description="Runs Cucumber Scenarios" data-provider="scenarios" finished-at="2021-10-12T13:08:28 IST" duration-ms="6911" status="PASS">
          <params>
            <param index="0">
              <value>
                <![CDATA["User should move from DemoWebShop page to Registration page"]]>
              </value>
            </param>
            <param index="1">
              <value>
                <![CDATA["Optional[DemoWebShop Registraion process]"]]>
              </value>
            </param>
          </params>
          <reporter-output>
          </reporter-output>
        </test-method> <!-- runScenario -->
        <test-method signature="runScenario(io.cucumber.testng.PickleWrapper,io.cucumber.testng.FeatureWrapper)[pri:0, instance:MyRunner.TestRunner@4562e04d]" started-at="2021-10-12T13:08:28 IST" name="runScenario" description="Runs Cucumber Scenarios" data-provider="scenarios" finished-at="2021-10-12T13:08:35 IST" duration-ms="6526" status="PASS">
          <params>
            <param index="0">
              <value>
                <![CDATA["Test Registration process with Valid credintials"]]>
              </value>
            </param>
            <param index="1">
              <value>
                <![CDATA["Optional[DemoWebShop Registraion process]"]]>
              </value>
            </param>
          </params>
          <reporter-output>
          </reporter-output>
        </test-method> <!-- runScenario -->
        <test-method signature="runScenario(io.cucumber.testng.PickleWrapper,io.cucumber.testng.FeatureWrapper)[pri:0, instance:MyRunner.TestRunner@4562e04d]" started-at="2021-10-12T13:08:35 IST" name="runScenario" description="Runs Cucumber Scenarios" data-provider="scenarios" finished-at="2021-10-12T13:08:42 IST" duration-ms="6827" status="PASS">
          <params>
            <param index="0">
              <value>
                <![CDATA["Test Registration process with inValid credintials"]]>
              </value>
            </param>
            <param index="1">
              <value>
                <![CDATA["Optional[DemoWebShop Registraion process]"]]>
              </value>
            </param>
          </params>
          <reporter-output>
          </reporter-output>
        </test-method> <!-- runScenario -->
        <test-method signature="runScenario(io.cucumber.testng.PickleWrapper,io.cucumber.testng.FeatureWrapper)[pri:0, instance:MyRunner.TestRunner@4562e04d]" started-at="2021-10-12T13:08:42 IST" name="runScenario" description="Runs Cucumber Scenarios" data-provider="scenarios" finished-at="2021-10-12T13:08:48 IST" duration-ms="6437" status="PASS">
          <params>
            <param index="0">
              <value>
                <![CDATA["Test User Login with Valid Credentials"]]>
              </value>
            </param>
            <param index="1">
              <value>
                <![CDATA["Optional[Login Functionality on Demo Web Page]"]]>
              </value>
            </param>
          </params>
          <reporter-output>
          </reporter-output>
        </test-method> <!-- runScenario -->
        <test-method signature="runScenario(io.cucumber.testng.PickleWrapper,io.cucumber.testng.FeatureWrapper)[pri:0, instance:MyRunner.TestRunner@4562e04d]" started-at="2021-10-12T13:08:48 IST" name="runScenario" description="Runs Cucumber Scenarios" data-provider="scenarios" finished-at="2021-10-12T13:08:55 IST" duration-ms="6420" status="PASS">
          <params>
            <param index="0">
              <value>
                <![CDATA["Test User Login with InValid Credentials"]]>
              </value>
            </param>
            <param index="1">
              <value>
                <![CDATA["Optional[Login Functionality on Demo Web Page]"]]>
              </value>
            </param>
          </params>
          <reporter-output>
          </reporter-output>
        </test-method> <!-- runScenario -->
        <test-method signature="runScenario(io.cucumber.testng.PickleWrapper,io.cucumber.testng.FeatureWrapper)[pri:0, instance:MyRunner.TestRunner@4562e04d]" started-at="2021-10-12T13:08:55 IST" name="runScenario" description="Runs Cucumber Scenarios" data-provider="scenarios" finished-at="2021-10-12T13:09:07 IST" duration-ms="12130" status="PASS">
          <params>
            <param index="0">
              <value>
                <![CDATA["Test to validate Add to Cart functionality"]]>
              </value>
            </param>
            <param index="1">
              <value>
                <![CDATA["Optional[Test item Search and Add Functionality on Demo Web Page]"]]>
              </value>
            </param>
          </params>
          <reporter-output>
          </reporter-output>
        </test-method> <!-- runScenario -->
        <test-method signature="runScenario(io.cucumber.testng.PickleWrapper,io.cucumber.testng.FeatureWrapper)[pri:0, instance:MyRunner.TestRunner@4562e04d]" started-at="2021-10-12T13:09:07 IST" name="runScenario" description="Runs Cucumber Scenarios" data-provider="scenarios" finished-at="2021-10-12T13:09:19 IST" duration-ms="12560" status="PASS">
          <params>
            <param index="0">
              <value>
                <![CDATA["Test to validate Add to Cart functionality"]]>
              </value>
            </param>
            <param index="1">
              <value>
                <![CDATA["Optional[Test item Search and Add Functionality on Demo Web Page]"]]>
              </value>
            </param>
          </params>
          <reporter-output>
          </reporter-output>
        </test-method> <!-- runScenario -->
        <test-method signature="runScenario(io.cucumber.testng.PickleWrapper,io.cucumber.testng.FeatureWrapper)[pri:0, instance:MyRunner.TestRunner@4562e04d]" started-at="2021-10-12T13:09:19 IST" name="runScenario" description="Runs Cucumber Scenarios" data-provider="scenarios" finished-at="2021-10-12T13:09:32 IST" duration-ms="12353" status="PASS">
          <params>
            <param index="0">
              <value>
                <![CDATA["Test to validate Add to Cart functionality"]]>
              </value>
            </param>
            <param index="1">
              <value>
                <![CDATA["Optional[Test item Search and Add Functionality on Demo Web Page]"]]>
              </value>
            </param>
          </params>
          <reporter-output>
          </reporter-output>
        </test-method> <!-- runScenario -->
        <test-method signature="runScenario(io.cucumber.testng.PickleWrapper,io.cucumber.testng.FeatureWrapper)[pri:0, instance:MyRunner.TestRunner@4562e04d]" started-at="2021-10-12T13:09:32 IST" name="runScenario" description="Runs Cucumber Scenarios" data-provider="scenarios" finished-at="2021-10-12T13:09:44 IST" duration-ms="11876" status="PASS">
          <params>
            <param index="0">
              <value>
                <![CDATA["Test to validate Add to Cart functionality"]]>
              </value>
            </param>
            <param index="1">
              <value>
                <![CDATA["Optional[Test item Search and Add Functionality on Demo Web Page]"]]>
              </value>
            </param>
          </params>
          <reporter-output>
          </reporter-output>
        </test-method> <!-- runScenario -->
        <test-method signature="runScenario(io.cucumber.testng.PickleWrapper,io.cucumber.testng.FeatureWrapper)[pri:0, instance:MyRunner.TestRunner@4562e04d]" started-at="2021-10-12T13:09:44 IST" name="runScenario" description="Runs Cucumber Scenarios" data-provider="scenarios" finished-at="2021-10-12T13:09:56 IST" duration-ms="12369" status="PASS">
          <params>
            <param index="0">
              <value>
                <![CDATA["Test for Verifying ShoppingCart Removing Update"]]>
              </value>
            </param>
            <param index="1">
              <value>
                <![CDATA["Optional[Test the Update Functionality of added product on Demo Web Page]"]]>
              </value>
            </param>
          </params>
          <reporter-output>
          </reporter-output>
        </test-method> <!-- runScenario -->
        <test-method signature="runScenario(io.cucumber.testng.PickleWrapper,io.cucumber.testng.FeatureWrapper)[pri:0, instance:MyRunner.TestRunner@4562e04d]" started-at="2021-10-12T13:09:56 IST" name="runScenario" description="Runs Cucumber Scenarios" data-provider="scenarios" finished-at="2021-10-12T13:10:09 IST" duration-ms="13071" status="PASS">
          <params>
            <param index="0">
              <value>
                <![CDATA["Test for Verifying ShoppingCart AddQuantity Update"]]>
              </value>
            </param>
            <param index="1">
              <value>
                <![CDATA["Optional[Test the Update Functionality of added product on Demo Web Page]"]]>
              </value>
            </param>
          </params>
          <reporter-output>
          </reporter-output>
        </test-method> <!-- runScenario -->
        <test-method signature="runScenario(io.cucumber.testng.PickleWrapper,io.cucumber.testng.FeatureWrapper)[pri:0, instance:MyRunner.TestRunner@4562e04d]" started-at="2021-10-12T13:10:09 IST" name="runScenario" description="Runs Cucumber Scenarios" data-provider="scenarios" finished-at="2021-10-12T13:10:20 IST" duration-ms="10471" status="PASS">
          <params>
            <param index="0">
              <value>
                <![CDATA[""]]>
              </value>
            </param>
            <param index="1">
              <value>
                <![CDATA["Optional[Test Checkout functionality of an item]"]]>
              </value>
            </param>
          </params>
          <reporter-output>
          </reporter-output>
        </test-method> <!-- runScenario -->
        <test-method signature="runScenario(io.cucumber.testng.PickleWrapper,io.cucumber.testng.FeatureWrapper)[pri:0, instance:MyRunner.TestRunner@4562e04d]" started-at="2021-10-12T13:10:20 IST" name="runScenario" description="Runs Cucumber Scenarios" data-provider="scenarios" finished-at="2021-10-12T13:10:53 IST" duration-ms="33759" status="PASS">
          <params>
            <param index="0">
              <value>
                <![CDATA["User to enter billing details"]]>
              </value>
            </param>
            <param index="1">
              <value>
                <![CDATA["Optional[Test Billing Functionality of Demo WebPage]"]]>
              </value>
            </param>
          </params>
          <reporter-output>
          </reporter-output>
        </test-method> <!-- runScenario -->
        <test-method is-config="true" signature="tearDownClass()[pri:0, instance:MyRunner.TestRunner@4562e04d]" started-at="2021-10-12T13:10:53 IST" name="tearDownClass" finished-at="2021-10-12T13:10:53 IST" duration-ms="83" status="PASS">
          <reporter-output>
          </reporter-output>
        </test-method> <!-- tearDownClass -->
      </class> <!-- MyRunner.TestRunner -->
    </test> <!-- Surefire test -->
  </suite> <!-- Surefire suite -->
</testng-results>
