<?xml version="1.0" encoding="UTF-8"?>
<testng-results ignored="0" total="13" passed="12" failed="1" skipped="0">
  <reporter-output>
  </reporter-output>
  <suite started-at="2021-10-12T11:32:48 IST" name="Default suite" finished-at="2021-10-12T11:36:13 IST" duration-ms="205217">
    <groups>
      <group name="cucumber">
        <method signature="AbstractTestNGCucumberTests.runScenario(io.cucumber.testng.PickleWrapper,io.cucumber.testng.FeatureWrapper)[pri:0, instance:MyRunner.TestRunner@498d318c]" name="runScenario" class="io.cucumber.testng.AbstractTestNGCucumberTests"/>
      </group> <!-- cucumber -->
    </groups>
    <test started-at="2021-10-12T11:32:48 IST" name="Default test" finished-at="2021-10-12T11:36:13 IST" duration-ms="205217">
      <class name="MyRunner.TestRunner">
        <test-method is-config="true" signature="setUpClass()[pri:0, instance:MyRunner.TestRunner@498d318c]" started-at="2021-10-12T11:32:48 IST" name="setUpClass" finished-at="2021-10-12T11:32:49 IST" duration-ms="470" status="PASS">
          <reporter-output>
          </reporter-output>
        </test-method> <!-- setUpClass -->
        <test-method signature="runScenario(io.cucumber.testng.PickleWrapper,io.cucumber.testng.FeatureWrapper)[pri:0, instance:MyRunner.TestRunner@498d318c]" started-at="2021-10-12T11:32:49 IST" name="runScenario" description="Runs Cucumber Scenarios" data-provider="scenarios" finished-at="2021-10-12T11:33:03 IST" duration-ms="14644" status="FAIL">
          <params>
            <param index="0">
              <value>
                <![CDATA["User should move from DemoWebShop page to Registration page"]]>
              </value>
            </param>
            <param index="1">
              <value>
                <![CDATA["Optional[DemoWebShop Registraion process]"]]>
              </value>
            </param>
          </params>
          <exception class="org.openqa.selenium.NoSuchElementException">
            <message>
              <![CDATA[no such element: Unable to locate element: {"method":"xpath","selector":"//a[text()='Register']"}
  (Session info: chrome=94.0.4606.71)
For documentation on this error, please visit: https://www.seleniumhq.org/exceptions/no_such_element.html
Build info: version: '3.141.59', revision: 'e82be7d358', time: '2018-11-14T08:17:03'
System info: host: 'BHARATH', ip: '192.168.1.38', os.name: 'Windows 10', os.arch: 'amd64', os.version: '10.0', java.version: '16.0.2'
Driver info: org.openqa.selenium.chrome.ChromeDriver
Capabilities {acceptInsecureCerts: false, browserName: chrome, browserVersion: 94.0.4606.71, chrome: {chromedriverVersion: 94.0.4606.61 (418b78f5838ed..., userDataDir: C:\Users\bharath G\AppData\...}, goog:chromeOptions: {debuggerAddress: localhost:51286}, javascriptEnabled: true, networkConnectionEnabled: false, pageLoadStrategy: normal, platform: WINDOWS, platformName: WINDOWS, proxy: Proxy(), setWindowRect: true, strictFileInteractability: false, timeouts: {implicit: 0, pageLoad: 300000, script: 30000}, unhandledPromptBehavior: dismiss and notify, webauthn:extension:credBlob: true, webauthn:extension:largeBlob: true, webauthn:virtualAuthenticators: true}
Session ID: 0a791e0909b0c8ca9dcafb4c5d7e3a8e
*** Element info: {Using=xpath, value=//a[text()='Register']}]]>
            </message>
            <full-stacktrace>
              <![CDATA[org.openqa.selenium.NoSuchElementException: no such element: Unable to locate element: {"method":"xpath","selector":"//a[text()='Register']"}
  (Session info: chrome=94.0.4606.71)
For documentation on this error, please visit: https://www.seleniumhq.org/exceptions/no_such_element.html
Build info: version: '3.141.59', revision: 'e82be7d358', time: '2018-11-14T08:17:03'
System info: host: 'BHARATH', ip: '192.168.1.38', os.name: 'Windows 10', os.arch: 'amd64', os.version: '10.0', java.version: '16.0.2'
Driver info: org.openqa.selenium.chrome.ChromeDriver
Capabilities {acceptInsecureCerts: false, browserName: chrome, browserVersion: 94.0.4606.71, chrome: {chromedriverVersion: 94.0.4606.61 (418b78f5838ed..., userDataDir: C:\Users\bharath G\AppData\...}, goog:chromeOptions: {debuggerAddress: localhost:51286}, javascriptEnabled: true, networkConnectionEnabled: false, pageLoadStrategy: normal, platform: WINDOWS, platformName: WINDOWS, proxy: Proxy(), setWindowRect: true, strictFileInteractability: false, timeouts: {implicit: 0, pageLoad: 300000, script: 30000}, unhandledPromptBehavior: dismiss and notify, webauthn:extension:credBlob: true, webauthn:extension:largeBlob: true, webauthn:virtualAuthenticators: true}
Session ID: 0a791e0909b0c8ca9dcafb4c5d7e3a8e
*** Element info: {Using=xpath, value=//a[text()='Register']}
at java.base/jdk.internal.reflect.NativeConstructorAccessorImpl.newInstance0(Native Method)
at java.base/jdk.internal.reflect.NativeConstructorAccessorImpl.newInstance(NativeConstructorAccessorImpl.java:78)
at java.base/jdk.internal.reflect.DelegatingConstructorAccessorImpl.newInstance(DelegatingConstructorAccessorImpl.java:45)
at java.base/java.lang.reflect.Constructor.newInstanceWithCaller(Constructor.java:499)
at java.base/java.lang.reflect.Constructor.newInstance(Constructor.java:480)
at org.openqa.selenium.remote.http.W3CHttpResponseCodec.createException(W3CHttpResponseCodec.java:187)
at org.openqa.selenium.remote.http.W3CHttpResponseCodec.decode(W3CHttpResponseCodec.java:122)
at org.openqa.selenium.remote.http.W3CHttpResponseCodec.decode(W3CHttpResponseCodec.java:49)
at org.openqa.selenium.remote.HttpCommandExecutor.execute(HttpCommandExecutor.java:158)
at org.openqa.selenium.remote.service.DriverCommandExecutor.execute(DriverCommandExecutor.java:83)
at org.openqa.selenium.remote.RemoteWebDriver.execute(RemoteWebDriver.java:552)
at org.openqa.selenium.remote.RemoteWebDriver.findElement(RemoteWebDriver.java:323)
at org.openqa.selenium.remote.RemoteWebDriver.findElementByXPath(RemoteWebDriver.java:428)
at org.openqa.selenium.By$ByXPath.findElement(By.java:353)
at org.openqa.selenium.remote.RemoteWebDriver.findElement(RemoteWebDriver.java:315)
at com.pages.RegistrationPage.user_click_on_register_button(RegistrationPage.java:17)
at StepDefinition.$1_RegisterModule.user_click_on_register_button($1_RegisterModule.java:29)
at ✽.User click on Register button(file:///C:/Users/bharath%20G/Downloads/CGISprint_$2FrameWorks/./src/test/java/Features/1_RegisterPage.feature:4)
]]>
            </full-stacktrace>
          </exception> <!-- org.openqa.selenium.NoSuchElementException -->
          <reporter-output>
          </reporter-output>
        </test-method> <!-- runScenario -->
        <test-method signature="runScenario(io.cucumber.testng.PickleWrapper,io.cucumber.testng.FeatureWrapper)[pri:0, instance:MyRunner.TestRunner@498d318c]" started-at="2021-10-12T11:33:03 IST" name="runScenario" description="Runs Cucumber Scenarios" data-provider="scenarios" finished-at="2021-10-12T11:33:09 IST" duration-ms="5700" status="PASS">
          <params>
            <param index="0">
              <value>
                <![CDATA["Test Registration process with Valid credintials"]]>
              </value>
            </param>
            <param index="1">
              <value>
                <![CDATA["Optional[DemoWebShop Registraion process]"]]>
              </value>
            </param>
          </params>
          <reporter-output>
          </reporter-output>
        </test-method> <!-- runScenario -->
        <test-method signature="runScenario(io.cucumber.testng.PickleWrapper,io.cucumber.testng.FeatureWrapper)[pri:0, instance:MyRunner.TestRunner@498d318c]" started-at="2021-10-12T11:33:09 IST" name="runScenario" description="Runs Cucumber Scenarios" data-provider="scenarios" finished-at="2021-10-12T11:33:14 IST" duration-ms="5445" status="PASS">
          <params>
            <param index="0">
              <value>
                <![CDATA["Test Registration process with inValid credintials"]]>
              </value>
            </param>
            <param index="1">
              <value>
                <![CDATA["Optional[DemoWebShop Registraion process]"]]>
              </value>
            </param>
          </params>
          <reporter-output>
          </reporter-output>
        </test-method> <!-- runScenario -->
        <test-method signature="runScenario(io.cucumber.testng.PickleWrapper,io.cucumber.testng.FeatureWrapper)[pri:0, instance:MyRunner.TestRunner@498d318c]" started-at="2021-10-12T11:33:14 IST" name="runScenario" description="Runs Cucumber Scenarios" data-provider="scenarios" finished-at="2021-10-12T11:33:19 IST" duration-ms="4981" status="PASS">
          <params>
            <param index="0">
              <value>
                <![CDATA["Test User Login with Valid Credentials"]]>
              </value>
            </param>
            <param index="1">
              <value>
                <![CDATA["Optional[Login Functionality on Demo Web Page]"]]>
              </value>
            </param>
          </params>
          <reporter-output>
          </reporter-output>
        </test-method> <!-- runScenario -->
        <test-method signature="runScenario(io.cucumber.testng.PickleWrapper,io.cucumber.testng.FeatureWrapper)[pri:0, instance:MyRunner.TestRunner@498d318c]" started-at="2021-10-12T11:33:19 IST" name="runScenario" description="Runs Cucumber Scenarios" data-provider="scenarios" finished-at="2021-10-12T11:33:24 IST" duration-ms="4867" status="PASS">
          <params>
            <param index="0">
              <value>
                <![CDATA["Test User Login with InValid Credentials"]]>
              </value>
            </param>
            <param index="1">
              <value>
                <![CDATA["Optional[Login Functionality on Demo Web Page]"]]>
              </value>
            </param>
          </params>
          <reporter-output>
          </reporter-output>
        </test-method> <!-- runScenario -->
        <test-method signature="runScenario(io.cucumber.testng.PickleWrapper,io.cucumber.testng.FeatureWrapper)[pri:0, instance:MyRunner.TestRunner@498d318c]" started-at="2021-10-12T11:33:24 IST" name="runScenario" description="Runs Cucumber Scenarios" data-provider="scenarios" finished-at="2021-10-12T11:33:35 IST" duration-ms="11287" status="PASS">
          <params>
            <param index="0">
              <value>
                <![CDATA["Test to validate Add to Cart functionality"]]>
              </value>
            </param>
            <param index="1">
              <value>
                <![CDATA["Optional[Test item Search and Add Functionality on Demo Web Page]"]]>
              </value>
            </param>
          </params>
          <reporter-output>
          </reporter-output>
        </test-method> <!-- runScenario -->
        <test-method signature="runScenario(io.cucumber.testng.PickleWrapper,io.cucumber.testng.FeatureWrapper)[pri:0, instance:MyRunner.TestRunner@498d318c]" started-at="2021-10-12T11:33:35 IST" name="runScenario" description="Runs Cucumber Scenarios" data-provider="scenarios" finished-at="2021-10-12T11:33:47 IST" duration-ms="11272" status="PASS">
          <params>
            <param index="0">
              <value>
                <![CDATA["Test to validate Add to Cart functionality"]]>
              </value>
            </param>
            <param index="1">
              <value>
                <![CDATA["Optional[Test item Search and Add Functionality on Demo Web Page]"]]>
              </value>
            </param>
          </params>
          <reporter-output>
          </reporter-output>
        </test-method> <!-- runScenario -->
        <test-method signature="runScenario(io.cucumber.testng.PickleWrapper,io.cucumber.testng.FeatureWrapper)[pri:0, instance:MyRunner.TestRunner@498d318c]" started-at="2021-10-12T11:33:47 IST" name="runScenario" description="Runs Cucumber Scenarios" data-provider="scenarios" finished-at="2021-10-12T11:33:58 IST" duration-ms="11353" status="PASS">
          <params>
            <param index="0">
              <value>
                <![CDATA["Test to validate Add to Cart functionality"]]>
              </value>
            </param>
            <param index="1">
              <value>
                <![CDATA["Optional[Test item Search and Add Functionality on Demo Web Page]"]]>
              </value>
            </param>
          </params>
          <reporter-output>
          </reporter-output>
        </test-method> <!-- runScenario -->
        <test-method signature="runScenario(io.cucumber.testng.PickleWrapper,io.cucumber.testng.FeatureWrapper)[pri:0, instance:MyRunner.TestRunner@498d318c]" started-at="2021-10-12T11:33:58 IST" name="runScenario" description="Runs Cucumber Scenarios" data-provider="scenarios" finished-at="2021-10-12T11:34:08 IST" duration-ms="10133" status="PASS">
          <params>
            <param index="0">
              <value>
                <![CDATA["Test to validate Add to Cart functionality"]]>
              </value>
            </param>
            <param index="1">
              <value>
                <![CDATA["Optional[Test item Search and Add Functionality on Demo Web Page]"]]>
              </value>
            </param>
          </params>
          <reporter-output>
          </reporter-output>
        </test-method> <!-- runScenario -->
        <test-method signature="runScenario(io.cucumber.testng.PickleWrapper,io.cucumber.testng.FeatureWrapper)[pri:0, instance:MyRunner.TestRunner@498d318c]" started-at="2021-10-12T11:34:08 IST" name="runScenario" description="Runs Cucumber Scenarios" data-provider="scenarios" finished-at="2021-10-12T11:34:19 IST" duration-ms="11186" status="PASS">
          <params>
            <param index="0">
              <value>
                <![CDATA["Test for Verifying ShoppingCart Removing Update"]]>
              </value>
            </param>
            <param index="1">
              <value>
                <![CDATA["Optional[Test the Update Functionality of added product on Demo Web Page]"]]>
              </value>
            </param>
          </params>
          <reporter-output>
          </reporter-output>
        </test-method> <!-- runScenario -->
        <test-method signature="runScenario(io.cucumber.testng.PickleWrapper,io.cucumber.testng.FeatureWrapper)[pri:0, instance:MyRunner.TestRunner@498d318c]" started-at="2021-10-12T11:34:19 IST" name="runScenario" description="Runs Cucumber Scenarios" data-provider="scenarios" finished-at="2021-10-12T11:34:32 IST" duration-ms="12369" status="PASS">
          <params>
            <param index="0">
              <value>
                <![CDATA["Test for Verifying ShoppingCart AddQuantity Update"]]>
              </value>
            </param>
            <param index="1">
              <value>
                <![CDATA["Optional[Test the Update Functionality of added product on Demo Web Page]"]]>
              </value>
            </param>
          </params>
          <reporter-output>
          </reporter-output>
        </test-method> <!-- runScenario -->
        <test-method signature="runScenario(io.cucumber.testng.PickleWrapper,io.cucumber.testng.FeatureWrapper)[pri:0, instance:MyRunner.TestRunner@498d318c]" started-at="2021-10-12T11:34:32 IST" name="runScenario" description="Runs Cucumber Scenarios" data-provider="scenarios" finished-at="2021-10-12T11:34:40 IST" duration-ms="8453" status="PASS">
          <params>
            <param index="0">
              <value>
                <![CDATA[""]]>
              </value>
            </param>
            <param index="1">
              <value>
                <![CDATA["Optional[Test Checkout functionality of an item]"]]>
              </value>
            </param>
          </params>
          <reporter-output>
          </reporter-output>
        </test-method> <!-- runScenario -->
        <test-method signature="runScenario(io.cucumber.testng.PickleWrapper,io.cucumber.testng.FeatureWrapper)[pri:0, instance:MyRunner.TestRunner@498d318c]" started-at="2021-10-12T11:34:40 IST" name="runScenario" description="Runs Cucumber Scenarios" data-provider="scenarios" finished-at="2021-10-12T11:36:13 IST" duration-ms="92907" status="PASS">
          <params>
            <param index="0">
              <value>
                <![CDATA["User to enter billing details"]]>
              </value>
            </param>
            <param index="1">
              <value>
                <![CDATA["Optional[Test Billing Functionality of Demo WebPage]"]]>
              </value>
            </param>
          </params>
          <reporter-output>
          </reporter-output>
        </test-method> <!-- runScenario -->
        <test-method is-config="true" signature="tearDownClass()[pri:0, instance:MyRunner.TestRunner@498d318c]" started-at="2021-10-12T11:36:13 IST" name="tearDownClass" finished-at="2021-10-12T11:36:13 IST" duration-ms="97" status="PASS">
          <reporter-output>
          </reporter-output>
        </test-method> <!-- tearDownClass -->
      </class> <!-- MyRunner.TestRunner -->
    </test> <!-- Default test -->
  </suite> <!-- Default suite -->
</testng-results>
